{"C:\\Users\\eduol\\Downloads\\Proyectos_REACT\\09\\rest_api\\src\\router.ts": {"path":"C:\\Users\\eduol\\Downloads\\Proyectos_REACT\\09\\rest_api\\src\\router.ts","statementMap":{"0":{"start":{"line":1,"column":0},"end":{"line":1,"column":32}},"1":{"start":{"line":2,"column":0},"end":{"line":2,"column":136}},"2":{"start":{"line":3,"column":0},"end":{"line":3,"column":47}},"3":{"start":{"line":4,"column":0},"end":{"line":4,"column":48}},"4":{"start":{"line":6,"column":15},"end":{"line":6,"column":23}},"5":{"start":{"line":9,"column":0},"end":{"line":9,"column":null}},"6":{"start":{"line":12,"column":0},"end":{"line":18,"column":null}},"7":{"start":{"line":21,"column":0},"end":{"line":36,"column":null}},"8":{"start":{"line":30,"column":27},"end":{"line":30,"column":36}},"9":{"start":{"line":39,"column":0},"end":{"line":58,"column":null}},"10":{"start":{"line":50,"column":27},"end":{"line":50,"column":36}},"11":{"start":{"line":61,"column":0},"end":{"line":68,"column":null}},"12":{"start":{"line":71,"column":0},"end":{"line":78,"column":null}},"13":{"start":{"line":80,"column":0},"end":{"line":80,"column":null}}},"fnMap":{"0":{"name":"(anonymous_0)","decl":{"start":{"line":30,"column":16},"end":{"line":30,"column":17}},"loc":{"start":{"line":30,"column":27},"end":{"line":30,"column":36}}},"1":{"name":"(anonymous_1)","decl":{"start":{"line":50,"column":16},"end":{"line":50,"column":17}},"loc":{"start":{"line":50,"column":27},"end":{"line":50,"column":36}}}},"branchMap":{},"s":{"0":2,"1":2,"2":2,"3":2,"4":2,"5":2,"6":2,"7":2,"8":3,"9":2,"10":5,"11":2,"12":2,"13":2},"f":{"0":3,"1":5},"b":{}}
,"C:\\Users\\eduol\\Downloads\\Proyectos_REACT\\09\\rest_api\\src\\server.ts": {"path":"C:\\Users\\eduol\\Downloads\\Proyectos_REACT\\09\\rest_api\\src\\server.ts","statementMap":{"0":{"start":{"line":1,"column":0},"end":{"line":1,"column":29}},"1":{"start":{"line":2,"column":0},"end":{"line":2,"column":27}},"2":{"start":{"line":3,"column":0},"end":{"line":3,"column":30}},"3":{"start":{"line":4,"column":0},"end":{"line":4,"column":28}},"4":{"start":{"line":8,"column":4},"end":{"line":15,"column":null}},"5":{"start":{"line":9,"column":8},"end":{"line":9,"column":null}},"6":{"start":{"line":10,"column":8},"end":{"line":10,"column":null}},"7":{"start":{"line":14,"column":8},"end":{"line":14,"column":null}},"8":{"start":{"line":7,"column":0},"end":{"line":7,"column":7}},"9":{"start":{"line":17,"column":0},"end":{"line":17,"column":null}},"10":{"start":{"line":20,"column":15},"end":{"line":20,"column":24}},"11":{"start":{"line":21,"column":0},"end":{"line":21,"column":null}},"12":{"start":{"line":22,"column":0},"end":{"line":22,"column":null}},"13":{"start":{"line":24,"column":0},"end":{"line":26,"column":null}},"14":{"start":{"line":25,"column":4},"end":{"line":25,"column":null}},"15":{"start":{"line":28,"column":0},"end":{"line":28,"column":null}}},"fnMap":{"0":{"name":"connectDB","decl":{"start":{"line":7,"column":22},"end":{"line":7,"column":31}},"loc":{"start":{"line":7,"column":31},"end":{"line":16,"column":1}}},"1":{"name":"(anonymous_2)","decl":{"start":{"line":24,"column":19},"end":{"line":24,"column":20}},"loc":{"start":{"line":24,"column":32},"end":{"line":26,"column":1}}}},"branchMap":{},"s":{"0":2,"1":2,"2":2,"3":2,"4":3,"5":3,"6":2,"7":1,"8":2,"9":2,"10":2,"11":2,"12":2,"13":2,"14":1,"15":2},"f":{"0":3,"1":1},"b":{}}
,"C:\\Users\\eduol\\Downloads\\Proyectos_REACT\\09\\rest_api\\src\\config\\db.ts": {"path":"C:\\Users\\eduol\\Downloads\\Proyectos_REACT\\09\\rest_api\\src\\config\\db.ts","statementMap":{"0":{"start":{"line":1,"column":0},"end":{"line":1,"column":48}},"1":{"start":{"line":2,"column":0},"end":{"line":2,"column":27}},"2":{"start":{"line":3,"column":0},"end":{"line":3,"column":null}},"3":{"start":{"line":5,"column":11},"end":{"line":8,"column":2}},"4":{"start":{"line":10,"column":0},"end":{"line":10,"column":null}}},"fnMap":{},"branchMap":{},"s":{"0":2,"1":2,"2":2,"3":2,"4":2},"f":{},"b":{}}
,"C:\\Users\\eduol\\Downloads\\Proyectos_REACT\\09\\rest_api\\src\\handlers\\product.ts": {"path":"C:\\Users\\eduol\\Downloads\\Proyectos_REACT\\09\\rest_api\\src\\handlers\\product.ts","statementMap":{"0":{"start":{"line":3,"column":0},"end":{"line":3,"column":45}},"1":{"start":{"line":6,"column":27},"end":{"line":18,"column":1}},"2":{"start":{"line":8,"column":21},"end":{"line":16,"column":6}},"3":{"start":{"line":17,"column":4},"end":{"line":17,"column":null}},"4":{"start":{"line":6,"column":13},"end":{"line":6,"column":27}},"5":{"start":{"line":21,"column":30},"end":{"line":34,"column":1}},"6":{"start":{"line":24,"column":19},"end":{"line":24,"column":29}},"7":{"start":{"line":25,"column":20},"end":{"line":25,"column":46}},"8":{"start":{"line":27,"column":4},"end":{"line":30,"column":null}},"9":{"start":{"line":28,"column":8},"end":{"line":28,"column":null}},"10":{"start":{"line":29,"column":8},"end":{"line":29,"column":14}},"11":{"start":{"line":32,"column":4},"end":{"line":32,"column":null}},"12":{"start":{"line":21,"column":13},"end":{"line":21,"column":30}},"13":{"start":{"line":37,"column":29},"end":{"line":42,"column":1}},"14":{"start":{"line":39,"column":20},"end":{"line":39,"column":50}},"15":{"start":{"line":40,"column":4},"end":{"line":40,"column":null}},"16":{"start":{"line":37,"column":13},"end":{"line":37,"column":29}},"17":{"start":{"line":45,"column":29},"end":{"line":60,"column":1}},"18":{"start":{"line":47,"column":19},"end":{"line":47,"column":29}},"19":{"start":{"line":48,"column":20},"end":{"line":48,"column":46}},"20":{"start":{"line":50,"column":4},"end":{"line":53,"column":null}},"21":{"start":{"line":51,"column":8},"end":{"line":51,"column":null}},"22":{"start":{"line":52,"column":8},"end":{"line":52,"column":14}},"23":{"start":{"line":56,"column":4},"end":{"line":56,"column":null}},"24":{"start":{"line":57,"column":4},"end":{"line":57,"column":null}},"25":{"start":{"line":59,"column":4},"end":{"line":59,"column":null}},"26":{"start":{"line":45,"column":13},"end":{"line":45,"column":29}},"27":{"start":{"line":63,"column":41},"end":{"line":79,"column":1}},"28":{"start":{"line":65,"column":19},"end":{"line":65,"column":29}},"29":{"start":{"line":66,"column":20},"end":{"line":66,"column":46}},"30":{"start":{"line":68,"column":4},"end":{"line":71,"column":null}},"31":{"start":{"line":69,"column":8},"end":{"line":69,"column":null}},"32":{"start":{"line":70,"column":8},"end":{"line":70,"column":14}},"33":{"start":{"line":74,"column":4},"end":{"line":74,"column":null}},"34":{"start":{"line":75,"column":4},"end":{"line":75,"column":null}},"35":{"start":{"line":77,"column":4},"end":{"line":77,"column":null}},"36":{"start":{"line":63,"column":13},"end":{"line":63,"column":41}},"37":{"start":{"line":82,"column":29},"end":{"line":96,"column":1}},"38":{"start":{"line":84,"column":19},"end":{"line":84,"column":29}},"39":{"start":{"line":85,"column":20},"end":{"line":85,"column":46}},"40":{"start":{"line":87,"column":4},"end":{"line":90,"column":null}},"41":{"start":{"line":88,"column":8},"end":{"line":88,"column":null}},"42":{"start":{"line":89,"column":8},"end":{"line":89,"column":14}},"43":{"start":{"line":93,"column":4},"end":{"line":93,"column":null}},"44":{"start":{"line":94,"column":4},"end":{"line":94,"column":null}},"45":{"start":{"line":82,"column":13},"end":{"line":82,"column":29}}},"fnMap":{"0":{"name":"(anonymous_1)","decl":{"start":{"line":6,"column":27},"end":{"line":6,"column":32}},"loc":{"start":{"line":6,"column":65},"end":{"line":18,"column":1}}},"1":{"name":"(anonymous_2)","decl":{"start":{"line":21,"column":30},"end":{"line":21,"column":35}},"loc":{"start":{"line":21,"column":68},"end":{"line":34,"column":1}}},"2":{"name":"(anonymous_3)","decl":{"start":{"line":37,"column":29},"end":{"line":37,"column":34}},"loc":{"start":{"line":37,"column":67},"end":{"line":42,"column":1}}},"3":{"name":"(anonymous_4)","decl":{"start":{"line":45,"column":29},"end":{"line":45,"column":34}},"loc":{"start":{"line":45,"column":67},"end":{"line":60,"column":1}}},"4":{"name":"(anonymous_5)","decl":{"start":{"line":63,"column":41},"end":{"line":63,"column":46}},"loc":{"start":{"line":63,"column":79},"end":{"line":79,"column":1}}},"5":{"name":"(anonymous_6)","decl":{"start":{"line":82,"column":29},"end":{"line":82,"column":34}},"loc":{"start":{"line":82,"column":67},"end":{"line":96,"column":1}}}},"branchMap":{"0":{"loc":{"start":{"line":27,"column":4},"end":{"line":30,"column":null}},"type":"if","locations":[{"start":{"line":27,"column":4},"end":{"line":30,"column":null}}]},"1":{"loc":{"start":{"line":50,"column":4},"end":{"line":53,"column":null}},"type":"if","locations":[{"start":{"line":50,"column":4},"end":{"line":53,"column":null}}]},"2":{"loc":{"start":{"line":68,"column":4},"end":{"line":71,"column":null}},"type":"if","locations":[{"start":{"line":68,"column":4},"end":{"line":71,"column":null}}]},"3":{"loc":{"start":{"line":87,"column":4},"end":{"line":90,"column":null}},"type":"if","locations":[{"start":{"line":87,"column":4},"end":{"line":90,"column":null}}]}},"s":{"0":2,"1":2,"2":1,"3":1,"4":2,"5":2,"6":2,"7":2,"8":2,"9":1,"10":1,"11":1,"12":2,"13":2,"14":1,"15":1,"16":2,"17":2,"18":2,"19":2,"20":2,"21":1,"22":1,"23":1,"24":1,"25":1,"26":2,"27":2,"28":2,"29":2,"30":2,"31":1,"32":1,"33":1,"34":1,"35":1,"36":2,"37":2,"38":2,"39":2,"40":2,"41":1,"42":1,"43":1,"44":1,"45":2},"f":{"0":1,"1":2,"2":1,"3":2,"4":2,"5":2},"b":{"0":[1],"1":[1],"2":[1],"3":[1]}}
,"C:\\Users\\eduol\\Downloads\\Proyectos_REACT\\09\\rest_api\\src\\middleware\\index.ts": {"path":"C:\\Users\\eduol\\Downloads\\Proyectos_REACT\\09\\rest_api\\src\\middleware\\index.ts","statementMap":{"0":{"start":{"line":2,"column":0},"end":{"line":2,"column":52}},"1":{"start":{"line":4,"column":33},"end":{"line":12,"column":1}},"2":{"start":{"line":6,"column":17},"end":{"line":6,"column":38}},"3":{"start":{"line":7,"column":4},"end":{"line":9,"column":null}},"4":{"start":{"line":8,"column":8},"end":{"line":8,"column":null}},"5":{"start":{"line":11,"column":4},"end":{"line":11,"column":null}},"6":{"start":{"line":4,"column":13},"end":{"line":4,"column":33}}},"fnMap":{"0":{"name":"(anonymous_0)","decl":{"start":{"line":4,"column":33},"end":{"line":4,"column":34}},"loc":{"start":{"line":4,"column":85},"end":{"line":12,"column":1}}}},"branchMap":{"0":{"loc":{"start":{"line":7,"column":4},"end":{"line":9,"column":null}},"type":"if","locations":[{"start":{"line":7,"column":4},"end":{"line":9,"column":null}}]}},"s":{"0":2,"1":2,"2":16,"3":16,"4":7,"5":9,"6":2},"f":{"0":16},"b":{"0":[7]}}
,"C:\\Users\\eduol\\Downloads\\Proyectos_REACT\\09\\rest_api\\src\\models\\Product.model.ts": {"path":"C:\\Users\\eduol\\Downloads\\Proyectos_REACT\\09\\rest_api\\src\\models\\Product.model.ts","statementMap":{"0":{"start":{"line":1,"column":0},"end":{"line":1,"column":78}},"1":{"start":{"line":7,"column":0},"end":{"line":26,"column":null}},"2":{"start":{"line":12,"column":12},"end":{"line":12,"column":null}},"3":{"start":{"line":18,"column":12},"end":{"line":18,"column":null}},"4":{"start":{"line":25,"column":12},"end":{"line":25,"column":null}},"5":{"start":{"line":7,"column":6},"end":{"line":26,"column":null}},"6":{"start":{"line":28,"column":0},"end":{"line":28,"column":null}}},"fnMap":{},"branchMap":{},"s":{"0":3,"1":3,"2":3,"3":3,"4":3,"5":3,"6":3},"f":{},"b":{}}
}
