TN:
SF:src\router.ts
FN:30,(anonymous_0)
FN:50,(anonymous_1)
FNF:2
FNH:2
FNDA:3,(anonymous_0)
FNDA:5,(anonymous_1)
DA:1,2
DA:2,2
DA:3,2
DA:4,2
DA:6,2
DA:9,2
DA:12,2
DA:21,2
DA:30,3
DA:39,2
DA:50,5
DA:61,2
DA:71,2
DA:80,2
LF:14
LH:14
BRF:0
BRH:0
end_of_record
TN:
SF:src\server.ts
FN:7,connectDB
FN:24,(anonymous_2)
FNF:2
FNH:2
FNDA:3,connectDB
FNDA:1,(anonymous_2)
DA:1,2
DA:2,2
DA:3,2
DA:4,2
DA:7,2
DA:8,3
DA:9,3
DA:10,2
DA:14,1
DA:17,2
DA:20,2
DA:21,2
DA:22,2
DA:24,2
DA:25,1
DA:28,2
LF:16
LH:16
BRF:0
BRH:0
end_of_record
TN:
SF:src\config\db.ts
FNF:0
FNH:0
DA:1,2
DA:2,2
DA:3,2
DA:5,2
DA:10,2
LF:5
LH:5
BRF:0
BRH:0
end_of_record
TN:
SF:src\handlers\product.ts
FN:6,(anonymous_1)
FN:21,(anonymous_2)
FN:37,(anonymous_3)
FN:45,(anonymous_4)
FN:63,(anonymous_5)
FN:82,(anonymous_6)
FNF:6
FNH:6
FNDA:1,(anonymous_1)
FNDA:2,(anonymous_2)
FNDA:1,(anonymous_3)
FNDA:2,(anonymous_4)
FNDA:2,(anonymous_5)
FNDA:2,(anonymous_6)
DA:3,2
DA:6,2
DA:8,1
DA:17,1
DA:21,2
DA:24,2
DA:25,2
DA:27,2
DA:28,1
DA:29,1
DA:32,1
DA:37,2
DA:39,1
DA:40,1
DA:45,2
DA:47,2
DA:48,2
DA:50,2
DA:51,1
DA:52,1
DA:56,1
DA:57,1
DA:59,1
DA:63,2
DA:65,2
DA:66,2
DA:68,2
DA:69,1
DA:70,1
DA:74,1
DA:75,1
DA:77,1
DA:82,2
DA:84,2
DA:85,2
DA:87,2
DA:88,1
DA:89,1
DA:93,1
DA:94,1
LF:40
LH:40
BRDA:27,0,0,1
BRDA:50,1,0,1
BRDA:68,2,0,1
BRDA:87,3,0,1
BRF:4
BRH:4
end_of_record
TN:
SF:src\middleware\index.ts
FN:4,(anonymous_0)
FNF:1
FNH:1
FNDA:16,(anonymous_0)
DA:2,2
DA:4,2
DA:6,16
DA:7,16
DA:8,7
DA:11,9
LF:6
LH:6
BRDA:7,0,0,7
BRF:1
BRH:1
end_of_record
TN:
SF:src\models\Product.model.ts
FNF:0
FNH:0
DA:1,3
DA:7,3
DA:12,3
DA:18,3
DA:25,3
DA:28,3
LF:6
LH:6
BRF:0
BRH:0
end_of_record
